<?xml version="1.0" encoding="UTF-8"?>
<!-- Generated by org.testng.reporters.JUnitXMLReporter -->
<testsuite ignored="0" hostname="USBLRKARKB4" failures="1" tests="5" name="Error Validation Test" time="50.336" errors="0" timestamp="2024-08-27T00:07:24 IST">
  <testcase classname="com.firstframework.tests.ErrorValidationTests" name="LoginErrorValidationIncorrectEmail" time="0.543"/>
  <testcase classname="com.firstframework.tests.ErrorValidationTests" name="LoginErrorValidationIncorrectEmailandPassword" time="0.93"/>
  <testcase classname="com.firstframework.tests.ErrorValidationTests" name="LoginErrorValidationIncorrectPassword" time="1.273">
    <skipped/>
  </testcase> <!-- LoginErrorValidationIncorrectPassword -->
  <testcase classname="com.firstframework.tests.ErrorValidationTests" name="LoginErrorValidationIncorrectPassword" time="0.979">
    <skipped/>
  </testcase> <!-- LoginErrorValidationIncorrectPassword -->
  <testcase classname="com.firstframework.tests.ErrorValidationTests" name="LoginErrorValidationIncorrectPassword" time="0.512">
    <failure type="java.lang.AssertionError" message="expected [Incorrect email or password.] but found [Incorrect email or password]">
      <![CDATA[java.lang.AssertionError: expected [Incorrect email or password.] but found [Incorrect email or password]
at com.firstframework.tests.ErrorValidationTests.LoginErrorValidationIncorrectPassword(ErrorValidationTests.java:14)
at java.base/java.util.ArrayList.forEach(ArrayList.java:1596)
at java.base/java.util.concurrent.FutureTask.run(FutureTask.java:317)
at java.base/java.util.concurrent.ThreadPoolExecutor.runWorker(ThreadPoolExecutor.java:1144)
at java.base/java.util.concurrent.ThreadPoolExecutor$Worker.run(ThreadPoolExecutor.java:642)
at java.base/java.lang.Thread.run(Thread.java:1583)
... Removed 21 stack frames]]>
    </failure>
  </testcase> <!-- LoginErrorValidationIncorrectPassword -->
</testsuite> <!-- Error Validation Test -->
