<?xml version="1.0" encoding="UTF-8"?>
<!-- Generated by org.testng.reporters.JUnitXMLReporter -->
<testsuite ignored="0" hostname="USBLRKARKB4" failures="0" tests="4" name="Submit Order Test" time="67.681" errors="0" timestamp="2024-08-27T00:07:41 IST">
  <testcase classname="com.firstframework.tests.SubmitOrderTest" name="SubmitOrder" time="14.755"/>
  <testcase classname="com.firstframework.tests.SubmitOrderTest" name="SubmitOrder" time="14.673"/>
  <testcase classname="com.firstframework.tests.SubmitOrderTest" name="orderHistoryPageValidation" time="0.837"/>
  <testcase classname="com.firstframework.tests.SubmitOrderTest" name="orderHistoryPageValidation" time="0.776"/>
</testsuite> <!-- Submit Order Test -->
